childcare/build/outputs/logs/manifest-merger-release-report.txt
-- Merging decision tree log ---
manifest
ADDED from src\main\AndroidManifest.xml:2:1-176:12
	xmlns:android
		ADDED from src\main\AndroidManifest.xml:2:11-69
	package
		ADDED from src\main\AndroidManifest.xml:3:5-36
		INJECTED from src\main\AndroidManifest.xml
		INJECTED from src\main\AndroidManifest.xml
	android:versionName
		INJECTED from src\main\AndroidManifest.xml
		INJECTED from src\main\AndroidManifest.xml
	android:versionCode
		INJECTED from src\main\AndroidManifest.xml
		INJECTED from src\main\AndroidManifest.xml
uses-sdk
ADDED from src\main\AndroidManifest.xml:5:5-7:41
MERGED from [com.android.support:appcompat-v7:23.2.1] AndroidManifest.xml:21:5-23:78
MERGED from [com.android.support:support-v4:23.2.1] AndroidManifest.xml:20:5-43
MERGED from [com.android.support:animated-vector-drawable:23.2.1] AndroidManifest.xml:5:5-44
MERGED from [com.android.support:support-vector-drawable:23.2.1] AndroidManifest.xml:5:5-43
MERGED from [com.android.support:support-v4:23.2.1] AndroidManifest.xml:20:5-43
MERGED from [com.android.support:support-vector-drawable:23.2.1] AndroidManifest.xml:5:5-43
MERGED from [com.android.support:support-v4:23.2.1] AndroidManifest.xml:20:5-43
MERGED from [KoalaTest:koala3xapi:unspecified] AndroidManifest.xml:7:5-9:41
MERGED from [com.android.support:appcompat-v7:23.2.1] AndroidManifest.xml:21:5-23:78
MERGED from [com.android.support:support-v4:23.2.1] AndroidManifest.xml:20:5-43
MERGED from [com.android.support:animated-vector-drawable:23.2.1] AndroidManifest.xml:5:5-44
MERGED from [com.android.support:support-vector-drawable:23.2.1] AndroidManifest.xml:5:5-43
MERGED from [com.android.support:support-v4:23.2.1] AndroidManifest.xml:20:5-43
MERGED from [com.android.support:support-vector-drawable:23.2.1] AndroidManifest.xml:5:5-43
MERGED from [com.android.support:support-v4:23.2.1] AndroidManifest.xml:20:5-43
MERGED from [com.android.volley:volley:unspecified] AndroidManifest.xml:7:5-43
MERGED from [KoalaTest:cropLib:unspecified] AndroidManifest.xml:6:5-8:41
MERGED from [com.android.support:support-v4:23.2.1] AndroidManifest.xml:20:5-43
	android:targetSdkVersion
		ADDED from src\main\AndroidManifest.xml:7:9-38
		INJECTED from src\main\AndroidManifest.xml
		INJECTED from src\main\AndroidManifest.xml
	android:minSdkVersion
		ADDED from src\main\AndroidManifest.xml:6:9-35
		INJECTED from src\main\AndroidManifest.xml
		INJECTED from src\main\AndroidManifest.xml
	tools:overrideLibrary
		ADDED from [com.android.support:appcompat-v7:23.2.1] AndroidManifest.xml:23:9-75
uses-feature#android.hardware.bluetooth_le
ADDED from src\main\AndroidManifest.xml:9:5-11:35
MERGED from [KoalaTest:koala3xapi:unspecified] AndroidManifest.xml:11:5-13:35
	android:required
		ADDED from src\main\AndroidManifest.xml:11:9-32
	android:name
		ADDED from src\main\AndroidManifest.xml:10:9-53
uses-permission#android.permission.BLUETOOTH
ADDED from src\main\AndroidManifest.xml:13:5-68
MERGED from [KoalaTest:koala3xapi:unspecified] AndroidManifest.xml:15:5-68
	android:name
		ADDED from src\main\AndroidManifest.xml:13:22-65
uses-permission#android.permission.BLUETOOTH_ADMIN
ADDED from src\main\AndroidManifest.xml:14:5-74
MERGED from [KoalaTest:koala3xapi:unspecified] AndroidManifest.xml:16:5-74
	android:name
		ADDED from src\main\AndroidManifest.xml:14:22-71
uses-permission#android.permission.INTERNET
ADDED from src\main\AndroidManifest.xml:15:5-67
	android:name
		ADDED from src\main\AndroidManifest.xml:15:22-64
uses-permission#android.permission.ACCESS_NETWORK_STATE
ADDED from src\main\AndroidManifest.xml:16:5-79
	android:name
		ADDED from src\main\AndroidManifest.xml:16:22-76
uses-permission#android.permission.WRITE_EXTERNAL_STORAGE
ADDED from src\main\AndroidManifest.xml:17:5-81
	android:name
		ADDED from src\main\AndroidManifest.xml:17:22-78
uses-permission#android.permission.ACCESS_COARSE_LOCATION
ADDED from src\main\AndroidManifest.xml:18:5-81
	android:name
		ADDED from src\main\AndroidManifest.xml:18:22-78
uses-permission#android.permission.READ_PHONE_STATE
ADDED from src\main\AndroidManifest.xml:19:5-75
	android:name
		ADDED from src\main\AndroidManifest.xml:19:22-72
uses-permission#android.permission.READ_EXTERNAL_STORAGE
ADDED from src\main\AndroidManifest.xml:20:5-80
	android:name
		ADDED from src\main\AndroidManifest.xml:20:22-77
application
ADDED from src\main\AndroidManifest.xml:22:5-174:19
MERGED from [com.android.support:appcompat-v7:23.2.1] AndroidManifest.xml:25:5-20
MERGED from [com.android.support:support-v4:23.2.1] AndroidManifest.xml:22:5-20
MERGED from [com.android.support:animated-vector-drawable:23.2.1] AndroidManifest.xml:7:5-20
MERGED from [com.android.support:support-vector-drawable:23.2.1] AndroidManifest.xml:7:5-20
MERGED from [com.android.support:support-v4:23.2.1] AndroidManifest.xml:22:5-20
MERGED from [com.android.support:support-vector-drawable:23.2.1] AndroidManifest.xml:7:5-20
MERGED from [com.android.support:support-v4:23.2.1] AndroidManifest.xml:22:5-20
MERGED from [KoalaTest:koala3xapi:unspecified] AndroidManifest.xml:18:5-23:19
MERGED from [com.android.support:appcompat-v7:23.2.1] AndroidManifest.xml:25:5-20
MERGED from [com.android.support:support-v4:23.2.1] AndroidManifest.xml:22:5-20
MERGED from [com.android.support:animated-vector-drawable:23.2.1] AndroidManifest.xml:7:5-20
MERGED from [com.android.support:support-vector-drawable:23.2.1] AndroidManifest.xml:7:5-20
MERGED from [com.android.support:support-v4:23.2.1] AndroidManifest.xml:22:5-20
MERGED from [com.android.support:support-vector-drawable:23.2.1] AndroidManifest.xml:7:5-20
MERGED from [com.android.support:support-v4:23.2.1] AndroidManifest.xml:22:5-20
MERGED from [com.android.volley:volley:unspecified] AndroidManifest.xml:9:5-20
MERGED from [com.android.support:support-v4:23.2.1] AndroidManifest.xml:22:5-20
	android:supportsRtl
		ADDED from src\main\AndroidManifest.xml:27:9-35
	android:label
		ADDED from src\main\AndroidManifest.xml:26:9-41
	android:allowBackup
		ADDED from src\main\AndroidManifest.xml:24:9-35
	android:icon
		ADDED from src\main\AndroidManifest.xml:25:9-44
	android:name
		ADDED from src\main\AndroidManifest.xml:23:9-59
activity#cc.nctu1210.childcare.LoginActivity
ADDED from src\main\AndroidManifest.xml:28:9-38:20
	android:screenOrientation
		ADDED from src\main\AndroidManifest.xml:32:13-49
	android:label
		ADDED from src\main\AndroidManifest.xml:30:13-45
	android:name
		ADDED from src\main\AndroidManifest.xml:29:13-42
	android:launchMode
		ADDED from src\main\AndroidManifest.xml:31:13-43
intent-filter#android.intent.action.MAIN+android.intent.category.LAUNCHER
ADDED from src\main\AndroidManifest.xml:33:13-37:29
action#android.intent.action.MAIN
ADDED from src\main\AndroidManifest.xml:34:17-69
	android:name
		ADDED from src\main\AndroidManifest.xml:34:25-66
category#android.intent.category.LAUNCHER
ADDED from src\main\AndroidManifest.xml:36:17-77
	android:name
		ADDED from src\main\AndroidManifest.xml:36:27-74
activity#cc.nctu1210.childcare.BaseTabViewActivity
ADDED from src\main\AndroidManifest.xml:39:9-43:52
	android:screenOrientation
		ADDED from src\main\AndroidManifest.xml:43:13-49
	android:label
		ADDED from src\main\AndroidManifest.xml:41:13-45
	android:name
		ADDED from src\main\AndroidManifest.xml:40:13-48
	android:launchMode
		ADDED from src\main\AndroidManifest.xml:42:13-43
activity#cc.nctu1210.childcare.AddNewDeviceActivity
ADDED from src\main\AndroidManifest.xml:44:9-48:59
	android:screenOrientation
		ADDED from src\main\AndroidManifest.xml:47:13-49
	android:theme
		ADDED from src\main\AndroidManifest.xml:48:13-56
	android:name
		ADDED from src\main\AndroidManifest.xml:45:13-49
	android:launchMode
		ADDED from src\main\AndroidManifest.xml:46:13-43
activity#cc.nctu1210.childcare.ChildProfleEditActivity
ADDED from src\main\AndroidManifest.xml:49:9-53:59
	android:screenOrientation
		ADDED from src\main\AndroidManifest.xml:52:13-49
	android:theme
		ADDED from src\main\AndroidManifest.xml:53:13-56
	android:name
		ADDED from src\main\AndroidManifest.xml:50:13-52
	android:launchMode
		ADDED from src\main\AndroidManifest.xml:51:13-43
activity#cc.nctu1210.childcare.DeviceDiscoveryActivity
ADDED from src\main\AndroidManifest.xml:54:9-58:59
	android:screenOrientation
		ADDED from src\main\AndroidManifest.xml:57:13-49
	android:theme
		ADDED from src\main\AndroidManifest.xml:58:13-56
	android:name
		ADDED from src\main\AndroidManifest.xml:55:13-52
	android:launchMode
		ADDED from src\main\AndroidManifest.xml:56:13-43
activity#cc.nctu1210.childcare.MasterAccountCreateActivity
ADDED from src\main\AndroidManifest.xml:59:9-63:52
	android:screenOrientation
		ADDED from src\main\AndroidManifest.xml:63:13-49
	android:label
		ADDED from src\main\AndroidManifest.xml:61:13-64
	android:name
		ADDED from src\main\AndroidManifest.xml:60:13-56
	android:launchMode
		ADDED from src\main\AndroidManifest.xml:62:13-43
activity#cc.nctu1210.childcare.TeacherCreateActivity
ADDED from src\main\AndroidManifest.xml:64:9-68:52
	android:screenOrientation
		ADDED from src\main\AndroidManifest.xml:68:13-49
	android:label
		ADDED from src\main\AndroidManifest.xml:66:13-57
	android:name
		ADDED from src\main\AndroidManifest.xml:65:13-50
	android:launchMode
		ADDED from src\main\AndroidManifest.xml:67:13-43
activity#cc.nctu1210.childcare.GatewayCreateActivity
ADDED from src\main\AndroidManifest.xml:69:9-74:55
	android:windowSoftInputMode
		ADDED from src\main\AndroidManifest.xml:74:13-52
	android:screenOrientation
		ADDED from src\main\AndroidManifest.xml:73:13-49
	android:label
		ADDED from src\main\AndroidManifest.xml:71:13-57
	android:name
		ADDED from src\main\AndroidManifest.xml:70:13-50
	android:launchMode
		ADDED from src\main\AndroidManifest.xml:72:13-43
activity#cc.nctu1210.childcare.ChildProfileCreateActivity
ADDED from src\main\AndroidManifest.xml:75:9-79:52
	android:screenOrientation
		ADDED from src\main\AndroidManifest.xml:79:13-49
	android:label
		ADDED from src\main\AndroidManifest.xml:77:13-63
	android:name
		ADDED from src\main\AndroidManifest.xml:76:13-55
	android:launchMode
		ADDED from src\main\AndroidManifest.xml:78:13-43
activity#cc.nctu1210.childcare.ParentCreateActivity
ADDED from src\main\AndroidManifest.xml:80:9-85:55
	android:windowSoftInputMode
		ADDED from src\main\AndroidManifest.xml:85:13-52
	android:screenOrientation
		ADDED from src\main\AndroidManifest.xml:84:13-49
	android:label
		ADDED from src\main\AndroidManifest.xml:82:13-56
	android:name
		ADDED from src\main\AndroidManifest.xml:81:13-49
	android:launchMode
		ADDED from src\main\AndroidManifest.xml:83:13-43
activity#cc.nctu1210.childcare.AddParentActivity
ADDED from src\main\AndroidManifest.xml:86:9-90:59
	android:screenOrientation
		ADDED from src\main\AndroidManifest.xml:89:13-49
	android:theme
		ADDED from src\main\AndroidManifest.xml:90:13-56
	android:name
		ADDED from src\main\AndroidManifest.xml:87:13-46
	android:launchMode
		ADDED from src\main\AndroidManifest.xml:88:13-43
activity#cc.nctu1210.childcare.EditParentActivity
ADDED from src\main\AndroidManifest.xml:91:9-95:59
	android:screenOrientation
		ADDED from src\main\AndroidManifest.xml:94:13-49
	android:theme
		ADDED from src\main\AndroidManifest.xml:95:13-56
	android:name
		ADDED from src\main\AndroidManifest.xml:92:13-47
	android:launchMode
		ADDED from src\main\AndroidManifest.xml:93:13-43
activity#cc.nctu1210.childcare.AddGatewayActivity
ADDED from src\main\AndroidManifest.xml:96:9-100:59
	android:screenOrientation
		ADDED from src\main\AndroidManifest.xml:99:13-49
	android:theme
		ADDED from src\main\AndroidManifest.xml:100:13-56
	android:name
		ADDED from src\main\AndroidManifest.xml:97:13-47
	android:launchMode
		ADDED from src\main\AndroidManifest.xml:98:13-43
activity#cc.nctu1210.childcare.EditGatewayActivity
ADDED from src\main\AndroidManifest.xml:101:9-105:59
	android:screenOrientation
		ADDED from src\main\AndroidManifest.xml:104:13-49
	android:theme
		ADDED from src\main\AndroidManifest.xml:105:13-56
	android:name
		ADDED from src\main\AndroidManifest.xml:102:13-48
	android:launchMode
		ADDED from src\main\AndroidManifest.xml:103:13-43
activity#cc.nctu1210.childcare.GatewayLoginActivity
ADDED from src\main\AndroidManifest.xml:106:9-109:52
	android:screenOrientation
		ADDED from src\main\AndroidManifest.xml:109:13-49
	android:name
		ADDED from src\main\AndroidManifest.xml:107:13-49
	android:launchMode
		ADDED from src\main\AndroidManifest.xml:108:13-43
activity#cc.nctu1210.childcare.TeacherLoginActivity
ADDED from src\main\AndroidManifest.xml:110:9-113:52
	android:screenOrientation
		ADDED from src\main\AndroidManifest.xml:113:13-49
	android:name
		ADDED from src\main\AndroidManifest.xml:111:13-49
	android:launchMode
		ADDED from src\main\AndroidManifest.xml:112:13-43
activity#cc.nctu1210.childcare.MasterLoginTabViewActivity
ADDED from src\main\AndroidManifest.xml:114:9-117:52
	android:screenOrientation
		ADDED from src\main\AndroidManifest.xml:117:13-49
	android:name
		ADDED from src\main\AndroidManifest.xml:115:13-55
	android:launchMode
		ADDED from src\main\AndroidManifest.xml:116:13-43
activity#cc.nctu1210.childcare.ParentLoginActivity
ADDED from src\main\AndroidManifest.xml:118:9-121:52
	android:screenOrientation
		ADDED from src\main\AndroidManifest.xml:121:13-49
	android:name
		ADDED from src\main\AndroidManifest.xml:119:13-48
	android:launchMode
		ADDED from src\main\AndroidManifest.xml:120:13-43
activity#cc.nctu1210.childcare.EditAlarmTimeActivity
ADDED from src\main\AndroidManifest.xml:122:9-126:59
	android:screenOrientation
		ADDED from src\main\AndroidManifest.xml:125:13-49
	android:theme
		ADDED from src\main\AndroidManifest.xml:126:13-56
	android:name
		ADDED from src\main\AndroidManifest.xml:123:13-50
	android:launchMode
		ADDED from src\main\AndroidManifest.xml:124:13-43
service#cc.nctu1210.api.koala3x.KoalaService
ADDED from src\main\AndroidManifest.xml:128:9-130:38
	android:enabled
		ADDED from src\main\AndroidManifest.xml:130:13-35
	android:name
		ADDED from src\main\AndroidManifest.xml:129:13-64
service#cc.nctu1210.polling.TeacherScheduledService
ADDED from src\main\AndroidManifest.xml:131:9-134:48
	android:label
		ADDED from src\main\AndroidManifest.xml:134:13-45
	android:enabled
		ADDED from src\main\AndroidManifest.xml:133:13-35
	android:name
		ADDED from src\main\AndroidManifest.xml:132:13-71
service#cc.nctu1210.polling.ParentScheduledService
ADDED from src\main\AndroidManifest.xml:135:9-138:48
	android:label
		ADDED from src\main\AndroidManifest.xml:138:13-45
	android:enabled
		ADDED from src\main\AndroidManifest.xml:137:13-35
	android:name
		ADDED from src\main\AndroidManifest.xml:136:13-70
service#cc.nctu1210.polling.GatewayScheduledService
ADDED from src\main\AndroidManifest.xml:139:9-142:48
	android:label
		ADDED from src\main\AndroidManifest.xml:142:13-45
	android:enabled
		ADDED from src\main\AndroidManifest.xml:141:13-35
	android:name
		ADDED from src\main\AndroidManifest.xml:140:13-71
service#cc.nctu1210.polling.MasterScheduledService
ADDED from src\main\AndroidManifest.xml:143:9-146:48
	android:label
		ADDED from src\main\AndroidManifest.xml:146:13-45
	android:enabled
		ADDED from src\main\AndroidManifest.xml:145:13-35
	android:name
		ADDED from src\main\AndroidManifest.xml:144:13-70
activity#cc.nctu1210.childcare.GatewayListEditorActivity
ADDED from src\main\AndroidManifest.xml:148:9-152:59
	android:screenOrientation
		ADDED from src\main\AndroidManifest.xml:151:13-49
	android:theme
		ADDED from src\main\AndroidManifest.xml:152:13-56
	android:name
		ADDED from src\main\AndroidManifest.xml:149:13-54
	android:launchMode
		ADDED from src\main\AndroidManifest.xml:150:13-43
activity#cc.nctu1210.childcare.ParentListEditorActivity
ADDED from src\main\AndroidManifest.xml:153:9-157:59
	android:screenOrientation
		ADDED from src\main\AndroidManifest.xml:156:13-49
	android:theme
		ADDED from src\main\AndroidManifest.xml:157:13-56
	android:name
		ADDED from src\main\AndroidManifest.xml:154:13-53
	android:launchMode
		ADDED from src\main\AndroidManifest.xml:155:13-43
activity#cc.nctu1210.childcare.ChildProfileListEditorActivity
ADDED from src\main\AndroidManifest.xml:158:9-162:59
	android:screenOrientation
		ADDED from src\main\AndroidManifest.xml:161:13-49
	android:theme
		ADDED from src\main\AndroidManifest.xml:162:13-56
	android:name
		ADDED from src\main\AndroidManifest.xml:159:13-59
	android:launchMode
		ADDED from src\main\AndroidManifest.xml:160:13-43
activity#com.soundcloud.android.crop.CropImageActivity
ADDED from src\main\AndroidManifest.xml:163:9-82
	android:name
		ADDED from src\main\AndroidManifest.xml:163:19-79
activity#cc.nctu1210.demo.DemoGatewayLoginActivity
ADDED from src\main\AndroidManifest.xml:165:9-168:20
	android:screenOrientation
		ADDED from src\main\AndroidManifest.xml:167:13-49
	android:name
		ADDED from src\main\AndroidManifest.xml:165:19-75
	android:launchMode
		ADDED from src\main\AndroidManifest.xml:166:13-43
service#cc.nctu1210.demo.DemoGatewayScheduledService
ADDED from src\main\AndroidManifest.xml:170:9-173:48
	android:label
		ADDED from src\main\AndroidManifest.xml:173:13-45
	android:enabled
		ADDED from src\main\AndroidManifest.xml:172:13-35
	android:name
		ADDED from src\main\AndroidManifest.xml:171:13-72
service#cc.nctu1210.koala3xapi.KoalaService
ADDED from [KoalaTest:koala3xapi:unspecified] AndroidManifest.xml:19:9-22:19
	android:enabled
		ADDED from [KoalaTest:koala3xapi:unspecified] AndroidManifest.xml:21:13-35
	android:name
		ADDED from [KoalaTest:koala3xapi:unspecified] AndroidManifest.xml:20:13-63